0 info it worked if it ends with ok
1 verbose cli [ '/Users/kcorkan/.nvm/versions/node/v5.10.1/bin/node',
1 verbose cli   '/Users/kcorkan/.nvm/versions/node/v5.10.1/bin/npm',
1 verbose cli   'run',
1 verbose cli   'test',
1 verbose cli   '--',
1 verbose cli   '--spec=ProjectUtility' ]
2 info using npm@3.8.3
3 info using node@v5.10.1
4 verbose run-script [ 'pretest', 'test', 'posttest' ]
5 info lifecycle BulkUserUtilityApp@0.1.1~pretest: BulkUserUtilityApp@0.1.1
6 silly lifecycle BulkUserUtilityApp@0.1.1~pretest: no script for pretest, continuing
7 info lifecycle BulkUserUtilityApp@0.1.1~test: BulkUserUtilityApp@0.1.1
8 verbose lifecycle BulkUserUtilityApp@0.1.1~test: unsafe-perm in lifecycle true
9 verbose lifecycle BulkUserUtilityApp@0.1.1~test: PATH: /Users/kcorkan/.nvm/versions/node/v5.10.1/lib/node_modules/npm/bin/node-gyp-bin:/Users/kcorkan/apps/2016/user-utilities/bulk-user-utility-app/node_modules/.bin:/Users/kcorkan/.nvm/versions/node/v5.10.1/bin:/Users/kcorkan/.rvm/gems/ruby-2.3.1/bin:/Users/kcorkan/.rvm/gems/ruby-2.3.1@global/bin:/Users/kcorkan/.rvm/rubies/ruby-2.3.1/bin:/Users/kcorkan/.nvm/versions/node/v5.10.1/bin:/usr/local/bin:/usr/bin:/bin:/usr/sbin:/sbin:/usr/local/sbin:/Users/kcorkan/.rvm/bin:/Users/kcorkan/.rvm/bin
10 verbose lifecycle BulkUserUtilityApp@0.1.1~test: CWD: /Users/kcorkan/apps/2016/user-utilities/bulk-user-utility-app
11 silly lifecycle BulkUserUtilityApp@0.1.1~test: Args: [ '-c', 'npm i && grunt test "--spec=ProjectUtility"' ]
12 silly lifecycle BulkUserUtilityApp@0.1.1~test: Returned: code: 3  signal: null
13 info lifecycle BulkUserUtilityApp@0.1.1~test: Failed to exec test script
14 verbose stack Error: BulkUserUtilityApp@0.1.1 test: `npm i && grunt test "--spec=ProjectUtility"`
14 verbose stack Exit status 3
14 verbose stack     at EventEmitter.<anonymous> (/Users/kcorkan/.nvm/versions/node/v5.10.1/lib/node_modules/npm/lib/utils/lifecycle.js:239:16)
14 verbose stack     at emitTwo (events.js:100:13)
14 verbose stack     at EventEmitter.emit (events.js:185:7)
14 verbose stack     at ChildProcess.<anonymous> (/Users/kcorkan/.nvm/versions/node/v5.10.1/lib/node_modules/npm/lib/utils/spawn.js:24:14)
14 verbose stack     at emitTwo (events.js:100:13)
14 verbose stack     at ChildProcess.emit (events.js:185:7)
14 verbose stack     at maybeClose (internal/child_process.js:850:16)
14 verbose stack     at Process.ChildProcess._handle.onexit (internal/child_process.js:215:5)
15 verbose pkgid BulkUserUtilityApp@0.1.1
16 verbose cwd /Users/kcorkan/apps/2016/user-utilities/bulk-user-utility-app
17 error Darwin 14.5.0
18 error argv "/Users/kcorkan/.nvm/versions/node/v5.10.1/bin/node" "/Users/kcorkan/.nvm/versions/node/v5.10.1/bin/npm" "run" "test" "--" "--spec=ProjectUtility"
19 error node v5.10.1
20 error npm  v3.8.3
21 error code ELIFECYCLE
22 error BulkUserUtilityApp@0.1.1 test: `npm i && grunt test "--spec=ProjectUtility"`
22 error Exit status 3
23 error Failed at the BulkUserUtilityApp@0.1.1 test script 'npm i && grunt test "--spec=ProjectUtility"'.
23 error Make sure you have the latest version of node.js and npm installed.
23 error If you do, this is most likely a problem with the BulkUserUtilityApp package,
23 error not with npm itself.
23 error Tell the author that this fails on your system:
23 error     npm i && grunt test "--spec=ProjectUtility"
23 error You can get information on how to open an issue for this project with:
23 error     npm bugs BulkUserUtilityApp
23 error Or if that isn't available, you can get their info via:
23 error     npm owner ls BulkUserUtilityApp
23 error There is likely additional logging output above.
24 verbose exit [ 1, true ]
